{
  "/home/ai-lambda-pulse-backend/backend-services/src/index.ts": {
    "path": "/home/ai-lambda-pulse-backend/backend-services/src/index.ts",
    "statementMap": {
      "0": { "start": { "line": 1, "column": 23 }, "end": { "line": 7, "column": 2 } },
      "1": { "start": { "line": 1, "column": 48 }, "end": { "line": 7, "column": 2 } },
      "2": { "start": { "line": 2, "column": 2 }, "end": { "line": 2, "column": 69 } },
      "3": { "start": { "line": 3, "column": 2 }, "end": { "line": 6, "column": 4 } },
      "4": { "start": { "line": 1, "column": 13 }, "end": { "line": 1, "column": 23 } }
    },
    "fnMap": {
      "0": {
        "name": "(anonymous_7)",
        "decl": { "start": { "line": 1, "column": 23 }, "end": { "line": 1, "column": 30 } },
        "loc": { "start": { "line": 1, "column": 48 }, "end": { "line": 7, "column": 2 } }
      },
      "1": {
        "name": "(anonymous_8)",
        "decl": { "start": { "line": 1, "column": 48 }, "end": { "line": 1, "column": null } },
        "loc": { "start": { "line": 1, "column": 48 }, "end": { "line": 7, "column": 1 } }
      }
    },
    "branchMap": {},
    "s": { "0": 1, "1": 1, "2": 1, "3": 1, "4": 1 },
    "f": { "0": 1, "1": 1 },
    "b": {}
  }
}
